This is pdfTeX, Version 3.14159265-2.6-1.40.16 (MiKTeX 2.9) (preloaded format=pdflatex 2015.9.24)  29 MAY 2017 16:54
entering extended mode
**Verslag.tex
(Verslag.tex
LaTeX2e <2015/01/01> patch level 2
Babel <3.9m> and hyphenation patterns for 69 languages loaded.
("C:\Program Files (x86)\MiKTeX 2.9\tex\latex\base\article.cls"
Document Class: article 2014/09/29 v1.4h Standard LaTeX document class
("C:\Program Files (x86)\MiKTeX 2.9\tex\latex\base\size10.clo"
File: size10.clo 2014/09/29 v1.4h Standard LaTeX file (size option)
)
\c@part=\count79
\c@section=\count80
\c@subsection=\count81
\c@subsubsection=\count82
\c@paragraph=\count83
\c@subparagraph=\count84
\c@figure=\count85
\c@table=\count86
\abovecaptionskip=\skip41
\belowcaptionskip=\skip42
\bibindent=\dimen102
)
("C:\Program Files (x86)\MiKTeX 2.9\tex\latex\base\inputenc.sty"
Package: inputenc 2015/03/17 v1.2c Input encoding file
\inpenc@prehook=\toks14
\inpenc@posthook=\toks15

("C:\Program Files (x86)\MiKTeX 2.9\tex\latex\base\utf8.def"
File: utf8.def 2015/06/27 v1.1n UTF-8 support for inputenc
Now handling font encoding OML ...
... no UTF-8 mapping file for font encoding OML
Now handling font encoding T1 ...
... processing UTF-8 mapping file for font encoding T1

("C:\Program Files (x86)\MiKTeX 2.9\tex\latex\base\t1enc.dfu"
File: t1enc.dfu 2015/06/27 v1.1n UTF-8 support for inputenc
   defining Unicode char U+00A1 (decimal 161)
   defining Unicode char U+00A3 (decimal 163)
   defining Unicode char U+00AB (decimal 171)
   defining Unicode char U+00BB (decimal 187)
   defining Unicode char U+00BF (decimal 191)
   defining Unicode char U+00C0 (decimal 192)
   defining Unicode char U+00C1 (decimal 193)
   defining Unicode char U+00C2 (decimal 194)
   defining Unicode char U+00C3 (decimal 195)
   defining Unicode char U+00C4 (decimal 196)
   defining Unicode char U+00C5 (decimal 197)
   defining Unicode char U+00C6 (decimal 198)
   defining Unicode char U+00C7 (decimal 199)
   defining Unicode char U+00C8 (decimal 200)
   defining Unicode char U+00C9 (decimal 201)
   defining Unicode char U+00CA (decimal 202)
   defining Unicode char U+00CB (decimal 203)
   defining Unicode char U+00CC (decimal 204)
   defining Unicode char U+00CD (decimal 205)
   defining Unicode char U+00CE (decimal 206)
   defining Unicode char U+00CF (decimal 207)
   defining Unicode char U+00D0 (decimal 208)
   defining Unicode char U+00D1 (decimal 209)
   defining Unicode char U+00D2 (decimal 210)
   defining Unicode char U+00D3 (decimal 211)
   defining Unicode char U+00D4 (decimal 212)
   defining Unicode char U+00D5 (decimal 213)
   defining Unicode char U+00D6 (decimal 214)
   defining Unicode char U+00D8 (decimal 216)
   defining Unicode char U+00D9 (decimal 217)
   defining Unicode char U+00DA (decimal 218)
   defining Unicode char U+00DB (decimal 219)
   defining Unicode char U+00DC (decimal 220)
   defining Unicode char U+00DD (decimal 221)
   defining Unicode char U+00DE (decimal 222)
   defining Unicode char U+00DF (decimal 223)
   defining Unicode char U+00E0 (decimal 224)
   defining Unicode char U+00E1 (decimal 225)
   defining Unicode char U+00E2 (decimal 226)
   defining Unicode char U+00E3 (decimal 227)
   defining Unicode char U+00E4 (decimal 228)
   defining Unicode char U+00E5 (decimal 229)
   defining Unicode char U+00E6 (decimal 230)
   defining Unicode char U+00E7 (decimal 231)
   defining Unicode char U+00E8 (decimal 232)
   defining Unicode char U+00E9 (decimal 233)
   defining Unicode char U+00EA (decimal 234)
   defining Unicode char U+00EB (decimal 235)
   defining Unicode char U+00EC (decimal 236)
   defining Unicode char U+00ED (decimal 237)
   defining Unicode char U+00EE (decimal 238)
   defining Unicode char U+00EF (decimal 239)
   defining Unicode char U+00F0 (decimal 240)
   defining Unicode char U+00F1 (decimal 241)
   defining Unicode char U+00F2 (decimal 242)
   defining Unicode char U+00F3 (decimal 243)
   defining Unicode char U+00F4 (decimal 244)
   defining Unicode char U+00F5 (decimal 245)
   defining Unicode char U+00F6 (decimal 246)
   defining Unicode char U+00F8 (decimal 248)
   defining Unicode char U+00F9 (decimal 249)
   defining Unicode char U+00FA (decimal 250)
   defining Unicode char U+00FB (decimal 251)
   defining Unicode char U+00FC (decimal 252)
   defining Unicode char U+00FD (decimal 253)
   defining Unicode char U+00FE (decimal 254)
   defining Unicode char U+00FF (decimal 255)
   defining Unicode char U+0102 (decimal 258)
   defining Unicode char U+0103 (decimal 259)
   defining Unicode char U+0104 (decimal 260)
   defining Unicode char U+0105 (decimal 261)
   defining Unicode char U+0106 (decimal 262)
   defining Unicode char U+0107 (decimal 263)
   defining Unicode char U+010C (decimal 268)
   defining Unicode char U+010D (decimal 269)
   defining Unicode char U+010E (decimal 270)
   defining Unicode char U+010F (decimal 271)
   defining Unicode char U+0110 (decimal 272)
   defining Unicode char U+0111 (decimal 273)
   defining Unicode char U+0118 (decimal 280)
   defining Unicode char U+0119 (decimal 281)
   defining Unicode char U+011A (decimal 282)
   defining Unicode char U+011B (decimal 283)
   defining Unicode char U+011E (decimal 286)
   defining Unicode char U+011F (decimal 287)
   defining Unicode char U+0130 (decimal 304)
   defining Unicode char U+0131 (decimal 305)
   defining Unicode char U+0132 (decimal 306)
   defining Unicode char U+0133 (decimal 307)
   defining Unicode char U+0139 (decimal 313)
   defining Unicode char U+013A (decimal 314)
   defining Unicode char U+013D (decimal 317)
   defining Unicode char U+013E (decimal 318)
   defining Unicode char U+0141 (decimal 321)
   defining Unicode char U+0142 (decimal 322)
   defining Unicode char U+0143 (decimal 323)
   defining Unicode char U+0144 (decimal 324)
   defining Unicode char U+0147 (decimal 327)
   defining Unicode char U+0148 (decimal 328)
   defining Unicode char U+014A (decimal 330)
   defining Unicode char U+014B (decimal 331)
   defining Unicode char U+0150 (decimal 336)
   defining Unicode char U+0151 (decimal 337)
   defining Unicode char U+0152 (decimal 338)
   defining Unicode char U+0153 (decimal 339)
   defining Unicode char U+0154 (decimal 340)
   defining Unicode char U+0155 (decimal 341)
   defining Unicode char U+0158 (decimal 344)
   defining Unicode char U+0159 (decimal 345)
   defining Unicode char U+015A (decimal 346)
   defining Unicode char U+015B (decimal 347)
   defining Unicode char U+015E (decimal 350)
   defining Unicode char U+015F (decimal 351)
   defining Unicode char U+0160 (decimal 352)
   defining Unicode char U+0161 (decimal 353)
   defining Unicode char U+0162 (decimal 354)
   defining Unicode char U+0163 (decimal 355)
   defining Unicode char U+0164 (decimal 356)
   defining Unicode char U+0165 (decimal 357)
   defining Unicode char U+016E (decimal 366)
   defining Unicode char U+016F (decimal 367)
   defining Unicode char U+0170 (decimal 368)
   defining Unicode char U+0171 (decimal 369)
   defining Unicode char U+0178 (decimal 376)
   defining Unicode char U+0179 (decimal 377)
   defining Unicode char U+017A (decimal 378)
   defining Unicode char U+017B (decimal 379)
   defining Unicode char U+017C (decimal 380)
   defining Unicode char U+017D (decimal 381)
   defining Unicode char U+017E (decimal 382)
   defining Unicode char U+200C (decimal 8204)
   defining Unicode char U+2013 (decimal 8211)
   defining Unicode char U+2014 (decimal 8212)
   defining Unicode char U+2018 (decimal 8216)
   defining Unicode char U+2019 (decimal 8217)
   defining Unicode char U+201A (decimal 8218)
   defining Unicode char U+201C (decimal 8220)
   defining Unicode char U+201D (decimal 8221)
   defining Unicode char U+201E (decimal 8222)
   defining Unicode char U+2030 (decimal 8240)
   defining Unicode char U+2031 (decimal 8241)
   defining Unicode char U+2039 (decimal 8249)
   defining Unicode char U+203A (decimal 8250)
   defining Unicode char U+2423 (decimal 9251)
)
Now handling font encoding OT1 ...
... processing UTF-8 mapping file for font encoding OT1

("C:\Program Files (x86)\MiKTeX 2.9\tex\latex\base\ot1enc.dfu"
File: ot1enc.dfu 2015/06/27 v1.1n UTF-8 support for inputenc
   defining Unicode char U+00A1 (decimal 161)
   defining Unicode char U+00A3 (decimal 163)
   defining Unicode char U+00B8 (decimal 184)
   defining Unicode char U+00BF (decimal 191)
   defining Unicode char U+00C5 (decimal 197)
   defining Unicode char U+00C6 (decimal 198)
   defining Unicode char U+00D8 (decimal 216)
   defining Unicode char U+00DF (decimal 223)
   defining Unicode char U+00E6 (decimal 230)
   defining Unicode char U+00EC (decimal 236)
   defining Unicode char U+00ED (decimal 237)
   defining Unicode char U+00EE (decimal 238)
   defining Unicode char U+00EF (decimal 239)
   defining Unicode char U+00F8 (decimal 248)
   defining Unicode char U+0131 (decimal 305)
   defining Unicode char U+0141 (decimal 321)
   defining Unicode char U+0142 (decimal 322)
   defining Unicode char U+0152 (decimal 338)
   defining Unicode char U+0153 (decimal 339)
   defining Unicode char U+2013 (decimal 8211)
   defining Unicode char U+2014 (decimal 8212)
   defining Unicode char U+2018 (decimal 8216)
   defining Unicode char U+2019 (decimal 8217)
   defining Unicode char U+201C (decimal 8220)
   defining Unicode char U+201D (decimal 8221)
)
Now handling font encoding OMS ...
... processing UTF-8 mapping file for font encoding OMS

("C:\Program Files (x86)\MiKTeX 2.9\tex\latex\base\omsenc.dfu"
File: omsenc.dfu 2015/06/27 v1.1n UTF-8 support for inputenc
   defining Unicode char U+00A7 (decimal 167)
   defining Unicode char U+00B6 (decimal 182)
   defining Unicode char U+00B7 (decimal 183)
   defining Unicode char U+2020 (decimal 8224)
   defining Unicode char U+2021 (decimal 8225)
   defining Unicode char U+2022 (decimal 8226)
)
Now handling font encoding OMX ...
... no UTF-8 mapping file for font encoding OMX
Now handling font encoding U ...
... no UTF-8 mapping file for font encoding U
   defining Unicode char U+00A9 (decimal 169)
   defining Unicode char U+00AA (decimal 170)
   defining Unicode char U+00AE (decimal 174)
   defining Unicode char U+00BA (decimal 186)
   defining Unicode char U+02C6 (decimal 710)
   defining Unicode char U+02DC (decimal 732)
   defining Unicode char U+200C (decimal 8204)
   defining Unicode char U+2026 (decimal 8230)
   defining Unicode char U+2122 (decimal 8482)
   defining Unicode char U+2423 (decimal 9251)
))
("C:\Program Files (x86)\MiKTeX 2.9\tex\latex\url\url.sty"
\Urlmuskip=\muskip10
Package: url 2013/09/16  ver 3.4  Verb mode for urls, etc.
)
("C:\Program Files (x86)\MiKTeX 2.9\tex\latex\amsmath\amsmath.sty"
Package: amsmath 2013/01/14 v2.14 AMS math features
\@mathmargin=\skip43

For additional information on amsmath, use the `?' option.
("C:\Program Files (x86)\MiKTeX 2.9\tex\latex\amsmath\amstext.sty"
Package: amstext 2000/06/29 v2.01

("C:\Program Files (x86)\MiKTeX 2.9\tex\latex\amsmath\amsgen.sty"
File: amsgen.sty 1999/11/30 v2.0
\@emptytoks=\toks16
\ex@=\dimen103
))
("C:\Program Files (x86)\MiKTeX 2.9\tex\latex\amsmath\amsbsy.sty"
Package: amsbsy 1999/11/29 v1.2d
\pmbraise@=\dimen104
)
("C:\Program Files (x86)\MiKTeX 2.9\tex\latex\amsmath\amsopn.sty"
Package: amsopn 1999/12/14 v2.01 operator names
)
\inf@bad=\count87
LaTeX Info: Redefining \frac on input line 210.
\uproot@=\count88
\leftroot@=\count89
LaTeX Info: Redefining \overline on input line 306.
\classnum@=\count90
\DOTSCASE@=\count91
LaTeX Info: Redefining \ldots on input line 378.
LaTeX Info: Redefining \dots on input line 381.
LaTeX Info: Redefining \cdots on input line 466.
\Mathstrutbox@=\box26
\strutbox@=\box27
\big@size=\dimen105
LaTeX Font Info:    Redeclaring font encoding OML on input line 566.
LaTeX Font Info:    Redeclaring font encoding OMS on input line 567.
\macc@depth=\count92
\c@MaxMatrixCols=\count93
\dotsspace@=\muskip11
\c@parentequation=\count94
\dspbrk@lvl=\count95
\tag@help=\toks17
\row@=\count96
\column@=\count97
\maxfields@=\count98
\andhelp@=\toks18
\eqnshift@=\dimen106
\alignsep@=\dimen107
\tagshift@=\dimen108
\tagwidth@=\dimen109
\totwidth@=\dimen110
\lineht@=\dimen111
\@envbody=\toks19
\multlinegap=\skip44
\multlinetaggap=\skip45
\mathdisplay@stack=\toks20
LaTeX Info: Redefining \[ on input line 2665.
LaTeX Info: Redefining \] on input line 2666.
)
("C:\Program Files (x86)\MiKTeX 2.9\tex\latex\amsfonts\amssymb.sty"
Package: amssymb 2013/01/14 v3.01 AMS font symbols

("C:\Program Files (x86)\MiKTeX 2.9\tex\latex\amsfonts\amsfonts.sty"
Package: amsfonts 2013/01/14 v3.01 Basic AMSFonts support
\symAMSa=\mathgroup4
\symAMSb=\mathgroup5
LaTeX Font Info:    Overwriting math alphabet `\mathfrak' in version `bold'
(Font)                  U/euf/m/n --> U/euf/b/n on input line 106.
))
("C:\Program Files (x86)\MiKTeX 2.9\tex\latex\amscls\amsthm.sty"
Package: amsthm 2015/03/04 v2.20.2
\thm@style=\toks21
\thm@bodyfont=\toks22
\thm@headfont=\toks23
\thm@notefont=\toks24
\thm@headpunct=\toks25
\thm@preskip=\skip46
\thm@postskip=\skip47
\thm@headsep=\skip48
\dth@everypar=\toks26
)
("C:\Program Files (x86)\MiKTeX 2.9\tex\latex\bbm\bbm.sty"
Package: bbm 1999/03/15 V 1.2 provides fonts for set symbols - TH
LaTeX Font Info:    Overwriting math alphabet `\mathbbm' in version `bold'
(Font)                  U/bbm/m/n --> U/bbm/bx/n on input line 33.
LaTeX Font Info:    Overwriting math alphabet `\mathbbmss' in version `bold'
(Font)                  U/bbmss/m/n --> U/bbmss/bx/n on input line 35.
)
("C:\Program Files (x86)\MiKTeX 2.9\tex\latex\marginnote\marginnote.sty"
Package: marginnote 2016/10/21 v1.2a non floating margin notes for LaTeX
\c@mn@abspage=\count99
)
("C:\Program Files (x86)\MiKTeX 2.9\tex\latex\geometry\geometry.sty"
Package: geometry 2010/09/12 v5.6 Page Geometry

("C:\Program Files (x86)\MiKTeX 2.9\tex\latex\graphics\keyval.sty"
Package: keyval 2014/10/28 v1.15 key=value parser (DPC)
\KV@toks@=\toks27
)
("C:\Program Files (x86)\MiKTeX 2.9\tex\generic\oberdiek\ifpdf.sty"
Package: ifpdf 2011/01/30 v2.3 Provides the ifpdf switch (HO)
Package ifpdf Info: pdfTeX in PDF mode is detected.
)
("C:\Program Files (x86)\MiKTeX 2.9\tex\generic\oberdiek\ifvtex.sty"
Package: ifvtex 2010/03/01 v1.5 Detect VTeX and its facilities (HO)
Package ifvtex Info: VTeX not detected.
)
("C:\Program Files (x86)\MiKTeX 2.9\tex\generic\ifxetex\ifxetex.sty"
Package: ifxetex 2010/09/12 v0.6 Provides ifxetex conditional
)
\Gm@cnth=\count100
\Gm@cntv=\count101
\c@Gm@tempcnt=\count102
\Gm@bindingoffset=\dimen112
\Gm@wd@mp=\dimen113
\Gm@odd@mp=\dimen114
\Gm@even@mp=\dimen115
\Gm@layoutwidth=\dimen116
\Gm@layoutheight=\dimen117
\Gm@layouthoffset=\dimen118
\Gm@layoutvoffset=\dimen119
\Gm@dimlist=\toks28

("C:\Program Files (x86)\MiKTeX 2.9\tex\latex\geometry\geometry.cfg"))
("C:\Program Files (x86)\MiKTeX 2.9\tex\latex\graphics\graphicx.sty"
Package: graphicx 2014/10/28 v1.0g Enhanced LaTeX Graphics (DPC,SPQR)

("C:\Program Files (x86)\MiKTeX 2.9\tex\latex\graphics\graphics.sty"
Package: graphics 2014/10/28 v1.0p Standard LaTeX Graphics (DPC,SPQR)

("C:\Program Files (x86)\MiKTeX 2.9\tex\latex\graphics\trig.sty"
Package: trig 1999/03/16 v1.09 sin cos tan (DPC)
)
("C:\Program Files (x86)\MiKTeX 2.9\tex\latex\00miktex\graphics.cfg"
File: graphics.cfg 2007/01/18 v1.5 graphics configuration of teTeX/TeXLive
)
Package graphics Info: Driver file: pdftex.def on input line 94.

("C:\Program Files (x86)\MiKTeX 2.9\tex\latex\pdftex-def\pdftex.def"
File: pdftex.def 2011/05/27 v0.06d Graphics/color for pdfTeX

("C:\Program Files (x86)\MiKTeX 2.9\tex\generic\oberdiek\infwarerr.sty"
Package: infwarerr 2010/04/08 v1.3 Providing info/warning/error messages (HO)
)
("C:\Program Files (x86)\MiKTeX 2.9\tex\generic\oberdiek\ltxcmds.sty"
Package: ltxcmds 2011/11/09 v1.22 LaTeX kernel commands for general use (HO)
)
\Gread@gobject=\count103
))
\Gin@req@height=\dimen120
\Gin@req@width=\dimen121
)
("C:\Program Files (x86)\MiKTeX 2.9\tex\latex\float\float.sty"
Package: float 2001/11/08 v1.3d Float enhancements (AL)
\c@float@type=\count104
\float@exts=\toks29
\float@box=\box28
\@float@everytoks=\toks30
\@floatcapt=\box29
)
("C:\Program Files (x86)\MiKTeX 2.9\tex\latex\caption\caption.sty"
Package: caption 2016/02/21 v3.3-144 Customizing captions (AR)

("C:\Program Files (x86)\MiKTeX 2.9\tex\latex\caption\caption3.sty"
Package: caption3 2016/02/04 v1.7-139 caption3 kernel (AR)
Package caption3 Info: TeX engine: e-TeX on input line 67.
\captionmargin=\dimen122
\captionmargin@=\dimen123
\captionwidth=\dimen124
\caption@tempdima=\dimen125
\caption@indent=\dimen126
\caption@parindent=\dimen127
\caption@hangindent=\dimen128
)
\c@ContinuedFloat=\count105
Package caption Info: float package is loaded.
)
("C:\Program Files (x86)\MiKTeX 2.9\tex\latex\caption\subcaption.sty"
Package: subcaption 2016/02/20 v1.1-142 Sub-captions (AR)
\c@subfigure=\count106
\c@subtable=\count107
)
("C:\Program Files (x86)\MiKTeX 2.9\tex\latex\oberdiek\epstopdf.sty"
Package: epstopdf 2010/02/09 v2.5 Conversion with epstopdf on the fly (HO)

("C:\Program Files (x86)\MiKTeX 2.9\tex\latex\oberdiek\epstopdf-base.sty"
Package: epstopdf-base 2010/02/09 v2.5 Base part for package epstopdf

("C:\Program Files (x86)\MiKTeX 2.9\tex\latex\oberdiek\grfext.sty"
Package: grfext 2010/08/19 v1.1 Manage graphics extensions (HO)

("C:\Program Files (x86)\MiKTeX 2.9\tex\generic\oberdiek\kvdefinekeys.sty"
Package: kvdefinekeys 2011/04/07 v1.3 Define keys (HO)
))
("C:\Program Files (x86)\MiKTeX 2.9\tex\latex\oberdiek\kvoptions.sty"
Package: kvoptions 2011/06/30 v3.11 Key value format for package options (HO)

("C:\Program Files (x86)\MiKTeX 2.9\tex\generic\oberdiek\kvsetkeys.sty"
Package: kvsetkeys 2012/04/25 v1.16 Key value parser (HO)

("C:\Program Files (x86)\MiKTeX 2.9\tex\generic\oberdiek\etexcmds.sty"
Package: etexcmds 2011/02/16 v1.5 Avoid name clashes with e-TeX commands (HO)

("C:\Program Files (x86)\MiKTeX 2.9\tex\generic\oberdiek\ifluatex.sty"
Package: ifluatex 2010/03/01 v1.3 Provides the ifluatex switch (HO)
Package ifluatex Info: LuaTeX not detected.
)
Package etexcmds Info: Could not find \expanded.
(etexcmds)             That can mean that you are not using pdfTeX 1.50 or
(etexcmds)             that some package has redefined \expanded.
(etexcmds)             In the latter case, load this package earlier.
)))
("C:\Program Files (x86)\MiKTeX 2.9\tex\generic\oberdiek\pdftexcmds.sty"
Package: pdftexcmds 2011/11/29 v0.20 Utility functions of pdfTeX for LuaTeX (HO
)
Package pdftexcmds Info: LuaTeX not detected.
Package pdftexcmds Info: \pdf@primitive is available.
Package pdftexcmds Info: \pdf@ifprimitive is available.
Package pdftexcmds Info: \pdfdraftmode found.
)
Package grfext Info: Graphics extension search list:
(grfext)             [.png,.pdf,.jpg,.mps,.jpeg,.jbig2,.jb2,.PNG,.PDF,.JPG,.JPE
G,.JBIG2,.JB2,.eps]
(grfext)             \AppendGraphicsExtensions on input line 452.
))
("C:\Program Files (x86)\MiKTeX 2.9\tex\latex\import\import.sty"
Package: import 2009/03/23  v 5.1
)
("C:\Program Files (x86)\MiKTeX 2.9\tex\latex\wallpaper\wallpaper.sty"
Package: wallpaper 2005/01/18, v1.01 easy wallpaper formatting (MHFW)

("C:\Program Files (x86)\MiKTeX 2.9\tex\latex\base\ifthen.sty"
Package: ifthen 2014/09/29 v1.1c Standard LaTeX ifthen package (DPC)
)
("C:\Program Files (x86)\MiKTeX 2.9\tex\latex\tools\calc.sty"
Package: calc 2014/10/28 v4.3 Infix arithmetic (KKT,FJ)
\calc@Acount=\count108
\calc@Bcount=\count109
\calc@Adimen=\dimen129
\calc@Bdimen=\dimen130
\calc@Askip=\skip49
\calc@Bskip=\skip50
LaTeX Info: Redefining \setlength on input line 80.
LaTeX Info: Redefining \addtolength on input line 81.
\calc@Ccount=\count110
\calc@Cskip=\skip51
)
("C:\Program Files (x86)\MiKTeX 2.9\tex\latex\eso-pic\eso-pic.sty"
Package: eso-pic 2015/07/21 v2.0g eso-pic (RN)

("C:\Program Files (x86)\MiKTeX 2.9\tex\generic\oberdiek\atbegshi.sty"
Package: atbegshi 2011/10/05 v1.16 At begin shipout hook (HO)
)
("C:\Program Files (x86)\MiKTeX 2.9\tex\latex\xcolor\xcolor.sty"
Package: xcolor 2016/05/11 v2.12 LaTeX color extensions (UK)

("C:\Program Files (x86)\MiKTeX 2.9\tex\latex\00miktex\color.cfg"
File: color.cfg 2007/01/18 v1.5 color configuration of teTeX/TeXLive
)
Package xcolor Info: Driver file: pdftex.def on input line 225.
Package xcolor Info: Model `cmy' substituted by `cmy0' on input line 1348.
Package xcolor Info: Model `hsb' substituted by `rgb' on input line 1352.
Package xcolor Info: Model `RGB' extended on input line 1364.
Package xcolor Info: Model `HTML' substituted by `rgb' on input line 1366.
Package xcolor Info: Model `Hsb' substituted by `hsb' on input line 1367.
Package xcolor Info: Model `tHsb' substituted by `hsb' on input line 1368.
Package xcolor Info: Model `HSB' substituted by `hsb' on input line 1369.
Package xcolor Info: Model `Gray' substituted by `gray' on input line 1370.
Package xcolor Info: Model `wave' substituted by `hsb' on input line 1371.
))
\wpXoffset=\skip52
\wpYoffset=\skip53
\tileXoffset=\skip54
\tileYoffset=\skip55
\tilewidth=\skip56
\tileheight=\skip57
\tileX=\skip58
\tileY=\skip59
)
("C:\Program Files (x86)\MiKTeX 2.9\tex\latex\wrapfig\wrapfig.sty"
\wrapoverhang=\dimen131
\WF@size=\dimen132
\c@WF@wrappedlines=\count111
\WF@box=\box30
\WF@everypar=\toks31
Package: wrapfig 2003/01/31  v 3.6
)
(Verslag.aux)
LaTeX Font Info:    Checking defaults for OML/cmm/m/it on input line 41.
LaTeX Font Info:    ... okay on input line 41.
LaTeX Font Info:    Checking defaults for T1/cmr/m/n on input line 41.
LaTeX Font Info:    ... okay on input line 41.
LaTeX Font Info:    Checking defaults for OT1/cmr/m/n on input line 41.
LaTeX Font Info:    ... okay on input line 41.
LaTeX Font Info:    Checking defaults for OMS/cmsy/m/n on input line 41.
LaTeX Font Info:    ... okay on input line 41.
LaTeX Font Info:    Checking defaults for OMX/cmex/m/n on input line 41.
LaTeX Font Info:    ... okay on input line 41.
LaTeX Font Info:    Checking defaults for U/cmr/m/n on input line 41.
LaTeX Font Info:    ... okay on input line 41.
Package marginnote Info: \pdfoutput not 0 or unimportant and
(marginnote)             \pdflastxpos or \lastxpos available.
(marginnote)             Extended position detection mode activated.

*geometry* driver: auto-detecting
*geometry* detected driver: pdftex
*geometry* verbose mode - [ preamble ] result:
* driver: pdftex
* paper: <default>
* layout: <same size as paper>
* layoutoffset:(h,v)=(0.0pt,0.0pt)
* modes: 
* h-part:(L,W,R)=(72.26999pt, 469.75502pt, 72.26999pt)
* v-part:(T,H,B)=(72.26999pt, 650.43001pt, 72.26999pt)
* \paperwidth=614.295pt
* \paperheight=794.96999pt
* \textwidth=469.75502pt
* \textheight=650.43001pt
* \oddsidemargin=0.0pt
* \evensidemargin=0.0pt
* \topmargin=-37.0pt
* \headheight=12.0pt
* \headsep=25.0pt
* \topskip=10.0pt
* \footskip=18.06749pt
* \marginparwidth=65.0pt
* \marginparsep=11.0pt
* \columnsep=10.0pt
* \skip\footins=9.0pt plus 4.0pt minus 2.0pt
* \hoffset=0.0pt
* \voffset=0.0pt
* \mag=1000
* \@twocolumnfalse
* \@twosidefalse
* \@mparswitchfalse
* \@reversemarginfalse
* (1in=72.27pt=25.4mm, 1cm=28.453pt)

("C:\Program Files (x86)\MiKTeX 2.9\tex\context\base\supp-pdf.mkii"
[Loading MPS to PDF converter (version 2006.09.02).]
\scratchcounter=\count112
\scratchdimen=\dimen133
\scratchbox=\box31
\nofMPsegments=\count113
\nofMParguments=\count114
\everyMPshowfont=\toks32
\MPscratchCnt=\count115
\MPscratchDim=\dimen134
\MPnumerator=\count116
\makeMPintoPDFobject=\count117
\everyMPtoPDFconversion=\toks33
)
Package caption Info: Begin \AtBeginDocument code.
Package caption Info: wrapfig package is loaded.
Package caption Info: End \AtBeginDocument code.
\AtBeginShipoutBox=\box32
 (Introduction/Introduction.tex
Underfull \hbox (badness 10000) in paragraph at lines 2--3

 []

LaTeX Font Info:    Try loading font information for U+msa on input line 4.
("C:\Program Files (x86)\MiKTeX 2.9\tex\latex\amsfonts\umsa.fd"
File: umsa.fd 2013/01/14 v3.01 AMS symbols A
)
LaTeX Font Info:    Try loading font information for U+msb on input line 4.

("C:\Program Files (x86)\MiKTeX 2.9\tex\latex\amsfonts\umsb.fd"
File: umsb.fd 2013/01/14 v3.01 AMS symbols B
)
Underfull \hbox (badness 10000) in paragraph at lines 7--8

 []


Underfull \hbox (badness 10000) in paragraph at lines 9--12

 []


Underfull \hbox (badness 10000) in paragraph at lines 9--12

 []

) [1

{C:/Users/guanyu/AppData/Local/MiKTeX/2.9/pdftex/config/pdftex.map}]
(Results/Results.tex
Package epstopdf Info: Source file: <./Results/AantPlaneten.eps>
(epstopdf)                    date: 2017-05-29 16:12:57
(epstopdf)                    size: 902831 bytes
(epstopdf)             Output file: <./Results/AantPlaneten-eps-converted-to.pd
f>
(epstopdf)                    date: 2017-05-29 16:13:06
(epstopdf)                    size: 180238 bytes
(epstopdf)             Command: <epstopdf --outfile=./Results/AantPlaneten-eps-
converted-to.pdf ./Results/AantPlaneten.eps>
(epstopdf)             \includegraphics on input line 6.
Package epstopdf Info: Output file is already uptodate.

<./Results/AantPlaneten-eps-converted-to.pdf, id=14, 421.575pt x 316.18124pt>
File: ./Results/AantPlaneten-eps-converted-to.pdf Graphic file (type pdf)

<use ./Results/AantPlaneten-eps-converted-to.pdf>
Package pdftex.def Info: ./Results/AantPlaneten-eps-converted-to.pdf used on in
put line 6.
(pdftex.def)             Requested size: 337.26045pt x 252.94533pt.

Underfull \hbox (badness 10000) in paragraph at lines 3--9

 []


Underfull \hbox (badness 10000) in paragraph at lines 10--11

 []

) [2 <./Results/AantPlaneten-eps-converted-to.pdf>]
(Accuracy_model/Accuracy_model.tex
Underfull \hbox (badness 10000) in paragraph at lines 4--7

 []


Underfull \hbox (badness 10000) in paragraph at lines 7--9

 []


Underfull \hbox (badness 10000) in paragraph at lines 11--12

 []

Package epstopdf Info: Source file: <./Accuracy_model/Planeet_1AU_dt1_10jaar.ep
s>
(epstopdf)                    date: 2017-05-27 23:31:52
(epstopdf)                    size: 19784 bytes
(epstopdf)             Output file: <./Accuracy_model/Planeet_1AU_dt1_10jaar-ep
s-converted-to.pdf>
(epstopdf)                    date: 2017-05-27 23:35:48
(epstopdf)                    size: 4606 bytes
(epstopdf)             Command: <epstopdf --outfile=./Accuracy_model/Planeet_1A
U_dt1_10jaar-eps-converted-to.pdf ./Accuracy_model/Planeet_1AU_dt1_10jaar.eps>
(epstopdf)             \includegraphics on input line 16.
Package epstopdf Info: Output file is already uptodate.

<./Accuracy_model/Planeet_1AU_dt1_10jaar-eps-converted-to.pdf, id=22, 421.575pt
 x 316.18124pt>
File: ./Accuracy_model/Planeet_1AU_dt1_10jaar-eps-converted-to.pdf Graphic file
 (type pdf)

<use ./Accuracy_model/Planeet_1AU_dt1_10jaar-eps-converted-to.pdf>
Package pdftex.def Info: ./Accuracy_model/Planeet_1AU_dt1_10jaar-eps-converted-
to.pdf used on input line 16.
(pdftex.def)             Requested size: 281.85587pt x 211.39647pt.

Underfull \hbox (badness 10000) in paragraph at lines 13--19

 []

Package epstopdf Info: Source file: <./Accuracy_model/Planeet_1AU_dt05_10jaar.e
ps>
(epstopdf)                    date: 2017-05-28 00:28:09
(epstopdf)                    size: 24033 bytes
(epstopdf)             Output file: <./Accuracy_model/Planeet_1AU_dt05_10jaar-e
ps-converted-to.pdf>
(epstopdf)                    date: 2017-05-28 00:38:52
(epstopdf)                    size: 5547 bytes
(epstopdf)             Command: <epstopdf --outfile=./Accuracy_model/Planeet_1A
U_dt05_10jaar-eps-converted-to.pdf ./Accuracy_model/Planeet_1AU_dt05_10jaar.eps
>
(epstopdf)             \includegraphics on input line 38.
Package epstopdf Info: Output file is already uptodate.

<./Accuracy_model/Planeet_1AU_dt05_10jaar-eps-converted-to.pdf, id=23, 421.575p
t x 316.18124pt>
File: ./Accuracy_model/Planeet_1AU_dt05_10jaar-eps-converted-to.pdf Graphic fil
e (type pdf)

<use ./Accuracy_model/Planeet_1AU_dt05_10jaar-eps-converted-to.pdf>
Package pdftex.def Info: ./Accuracy_model/Planeet_1AU_dt05_10jaar-eps-converted
-to.pdf used on input line 38.
(pdftex.def)             Requested size: 211.38832pt x 158.54373pt.
Package epstopdf Info: Source file: <./Accuracy_model/Planeet_1AU_dt025_10jaar.
eps>
(epstopdf)                    date: 2017-05-28 00:28:20
(epstopdf)                    size: 32555 bytes
(epstopdf)             Output file: <./Accuracy_model/Planeet_1AU_dt025_10jaar-
eps-converted-to.pdf>
(epstopdf)                    date: 2017-05-28 00:39:10
(epstopdf)                    size: 7332 bytes
(epstopdf)             Command: <epstopdf --outfile=./Accuracy_model/Planeet_1A
U_dt025_10jaar-eps-converted-to.pdf ./Accuracy_model/Planeet_1AU_dt025_10jaar.e
ps>
(epstopdf)             \includegraphics on input line 43.
Package epstopdf Info: Output file is already uptodate.

<./Accuracy_model/Planeet_1AU_dt025_10jaar-eps-converted-to.pdf, id=24, 421.575
pt x 316.18124pt>
File: ./Accuracy_model/Planeet_1AU_dt025_10jaar-eps-converted-to.pdf Graphic fi
le (type pdf)

<use ./Accuracy_model/Planeet_1AU_dt025_10jaar-eps-converted-to.pdf>
Package pdftex.def Info: ./Accuracy_model/Planeet_1AU_dt025_10jaar-eps-converte
d-to.pdf used on input line 43.
(pdftex.def)             Requested size: 211.38832pt x 158.54373pt.

Underfull \hbox (badness 10000) in paragraph at lines 20--47

 []

[3 <./Accuracy_model/Planeet_1AU_dt1_10jaar-eps-converted-to.pdf>]
Package epstopdf Info: Source file: <./Accuracy_model/Planeet_2AU_dt1_10jaar.ep
s>
(epstopdf)                    date: 2017-05-28 00:51:56
(epstopdf)                    size: 18686 bytes
(epstopdf)             Output file: <./Accuracy_model/Planeet_2AU_dt1_10jaar-ep
s-converted-to.pdf>
(epstopdf)                    date: 2017-05-28 00:56:00
(epstopdf)                    size: 4514 bytes
(epstopdf)             Command: <epstopdf --outfile=./Accuracy_model/Planeet_2A
U_dt1_10jaar-eps-converted-to.pdf ./Accuracy_model/Planeet_2AU_dt1_10jaar.eps>
(epstopdf)             \includegraphics on input line 53.
Package epstopdf Info: Output file is already uptodate.

<./Accuracy_model/Planeet_2AU_dt1_10jaar-eps-converted-to.pdf, id=32, 421.575pt
 x 316.18124pt>
File: ./Accuracy_model/Planeet_2AU_dt1_10jaar-eps-converted-to.pdf Graphic file
 (type pdf)

<use ./Accuracy_model/Planeet_2AU_dt1_10jaar-eps-converted-to.pdf>
Package pdftex.def Info: ./Accuracy_model/Planeet_2AU_dt1_10jaar-eps-converted-
to.pdf used on input line 53.
(pdftex.def)             Requested size: 281.85587pt x 211.39647pt.

Underfull \hbox (badness 10000) in paragraph at lines 48--56

 []

[4 <./Accuracy_model/Planeet_1AU_dt05_10jaar-eps-converted-to.pdf> <./Accuracy_
model/Planeet_1AU_dt025_10jaar-eps-converted-to.pdf>]
Package epstopdf Info: Source file: <./Accuracy_model/Planeet_5AU_dt1_10jaar.ep
s>
(epstopdf)                    date: 2017-05-28 01:11:19
(epstopdf)                    size: 18462 bytes
(epstopdf)             Output file: <./Accuracy_model/Planeet_5AU_dt1_10jaar-ep
s-converted-to.pdf>
(epstopdf)                    date: 2017-05-28 01:12:33
(epstopdf)                    size: 4477 bytes
(epstopdf)             Command: <epstopdf --outfile=./Accuracy_model/Planeet_5A
U_dt1_10jaar-eps-converted-to.pdf ./Accuracy_model/Planeet_5AU_dt1_10jaar.eps>
(epstopdf)             \includegraphics on input line 72.
Package epstopdf Info: Output file is already uptodate.

<./Accuracy_model/Planeet_5AU_dt1_10jaar-eps-converted-to.pdf, id=46, 421.575pt
 x 316.18124pt>
File: ./Accuracy_model/Planeet_5AU_dt1_10jaar-eps-converted-to.pdf Graphic file
 (type pdf)

<use ./Accuracy_model/Planeet_5AU_dt1_10jaar-eps-converted-to.pdf>
Package pdftex.def Info: ./Accuracy_model/Planeet_5AU_dt1_10jaar-eps-converted-
to.pdf used on input line 72.
(pdftex.def)             Requested size: 281.85587pt x 211.39647pt.
 [5 <./Accuracy_model/Planeet_2AU_dt1_10jaar-eps-converted-to.pdf> <./Accuracy_
model/Planeet_5AU_dt1_10jaar-eps-converted-to.pdf>])
Underfull \hbox (badness 10000) in paragraph at lines 89--47

 []

[6] (BarnesHut/barnes_hut.tex
<./BarnesHut/barneshut_map.png, id=61, 310.91156pt x 310.91156pt>
File: ./BarnesHut/barneshut_map.png Graphic file (type png)

<use ./BarnesHut/barneshut_map.png>
Package pdftex.def Info: ./BarnesHut/barneshut_map.png used on input line 27.
(pdftex.def)             Requested size: 187.89914pt x 187.90044pt.

<./BarnesHut/barneshut_tree_root.png, id=63, 338.76563pt x 326.72063pt>
File: ./BarnesHut/barneshut_tree_root.png Graphic file (type png)

<use ./BarnesHut/barneshut_tree_root.png>
Package pdftex.def Info: ./BarnesHut/barneshut_tree_root.png used on input line
 31.
(pdftex.def)             Requested size: 187.89914pt x 181.22241pt.
 [7]
<./BarnesHut/barneshut_map_devided.png, id=70, 310.91156pt x 310.91156pt>
File: ./BarnesHut/barneshut_map_devided.png Graphic file (type png)

<use ./BarnesHut/barneshut_map_devided.png>
Package pdftex.def Info: ./BarnesHut/barneshut_map_devided.png used on input li
ne 40.
(pdftex.def)             Requested size: 187.89914pt x 187.90044pt.

<./BarnesHut/barneshut_tree.png, id=71, 338.76563pt x 326.72063pt>
File: ./BarnesHut/barneshut_tree.png Graphic file (type png)

<use ./BarnesHut/barneshut_tree.png>
Package pdftex.def Info: ./BarnesHut/barneshut_tree.png used on input line 44.
(pdftex.def)             Requested size: 187.89914pt x 181.22241pt.

Underfull \hbox (badness 10000) in paragraph at lines 36--50

 []

<./BarnesHut/barneshut_map_green_2.png, id=72, 310.91156pt x 310.91156pt>
File: ./BarnesHut/barneshut_map_green_2.png Graphic file (type png)

<use ./BarnesHut/barneshut_map_green_2.png>
Package pdftex.def Info: ./BarnesHut/barneshut_map_green_2.png used on input li
ne 55.
(pdftex.def)             Requested size: 112.74377pt x 112.74405pt.

Underfull \hbox (badness 1314) in paragraph at lines 56--56
[]\OT1/cmr/m/n/9 (a) |The green zone in-di-
 []

<./BarnesHut/barneshut_map_green_3.png, id=73, 310.91156pt x 310.91156pt>
File: ./BarnesHut/barneshut_map_green_3.png Graphic file (type png)

<use ./BarnesHut/barneshut_map_green_3.png>
Package pdftex.def Info: ./BarnesHut/barneshut_map_green_3.png used on input li
ne 59.
(pdftex.def)             Requested size: 112.74377pt x 112.74405pt.

Underfull \hbox (badness 1178) in paragraph at lines 60--60
[]\OT1/cmr/m/n/9 (b) |The green zone in-di-
 []

<./BarnesHut/barneshut_map_green_4.png, id=74, 310.91156pt x 310.91156pt>
File: ./BarnesHut/barneshut_map_green_4.png Graphic file (type png)

<use ./BarnesHut/barneshut_map_green_4.png>
Package pdftex.def Info: ./BarnesHut/barneshut_map_green_4.png used on input li
ne 63.
(pdftex.def)             Requested size: 112.74377pt x 112.74405pt.

Underfull \hbox (badness 1454) in paragraph at lines 64--64
[]\OT1/cmr/m/n/9 (c) |The green zone in-di-
 []

<./BarnesHut/barneshut_tree_node_4_2.png, id=75, 338.76563pt x 326.72063pt>
File: ./BarnesHut/barneshut_tree_node_4_2.png Graphic file (type png)

<use ./BarnesHut/barneshut_tree_node_4_2.png>
Package pdftex.def Info: ./BarnesHut/barneshut_tree_node_4_2.png used on input 
line 67.
(pdftex.def)             Requested size: 112.74377pt x 108.73543pt.

<./BarnesHut/barneshut_tree_node_lvl3.png, id=76, 338.76563pt x 326.72063pt>
File: ./BarnesHut/barneshut_tree_node_lvl3.png Graphic file (type png)

<use ./BarnesHut/barneshut_tree_node_lvl3.png>
Package pdftex.def Info: ./BarnesHut/barneshut_tree_node_lvl3.png used on input
 line 71.
(pdftex.def)             Requested size: 112.74377pt x 108.73543pt.

<./BarnesHut/barneshut_tree_node_lvl4.png, id=77, 338.76563pt x 326.72063pt>
File: ./BarnesHut/barneshut_tree_node_lvl4.png Graphic file (type png)

<use ./BarnesHut/barneshut_tree_node_lvl4.png>
Package pdftex.def Info: ./BarnesHut/barneshut_tree_node_lvl4.png used on input
 line 75.
(pdftex.def)             Requested size: 112.74377pt x 108.73543pt.
 [8 <./BarnesHut/barneshut_map.png> <./BarnesHut/barneshut_tree_root.png> <./Ba
rnesHut/barneshut_map_devided.png> <./BarnesHut/barneshut_tree.png>] [9 <./Barn
esHut/barneshut_map_green_2.png> <./BarnesHut/barneshut_map_green_3.png> <./Bar
nesHut/barneshut_map_green_4.png> <./BarnesHut/barneshut_tree_node_4_2.png> <./
BarnesHut/barneshut_tree_node_lvl3.png> <./BarnesHut/barneshut_tree_node_lvl4.p
ng>]) [10] (bibliography.tex
Underfull \hbox (badness 4303) in paragraph at lines 3--4
[]\OT1/cmr/m/n/10 T.Ventimiglia, K.Wayne (2003,2011), \OT1/cmr/m/it/10 The Barn
es-Hut Al-go-rithm\OT1/cmr/m/n/10 , $\OT1/cmtt/m/n/10 http : / / arborjs . org 
/ docs /$
 []

) [11] (Verslag.aux) ) 
Here is how much of TeX's memory you used:
 5421 strings out of 493673
 79853 string characters out of 3141527
 157368 words of memory out of 3000000
 8616 multiletter control sequences out of 15000+200000
 10473 words of font info for 41 fonts, out of 3000000 for 9000
 1025 hyphenation exceptions out of 8191
 42i,11n,46p,1065b,508s stack positions out of 5000i,500n,10000p,200000b,50000s
<C:/Program Files (x86)/MiKTeX 2.9/fonts/type1/public/ams
fonts/cm/cmbx10.pfb><C:/Program Files (x86)/MiKTeX 2.9/fonts/type1/public/amsfo
nts/cm/cmbx12.pfb><C:/Program Files (x86)/MiKTeX 2.9/fonts/type1/public/amsfont
s/cm/cmex10.pfb><C:/Program Files (x86)/MiKTeX 2.9/fonts/type1/public/amsfonts/
cm/cmmi10.pfb><C:/Program Files (x86)/MiKTeX 2.9/fonts/type1/public/amsfonts/cm
/cmmi5.pfb><C:/Program Files (x86)/MiKTeX 2.9/fonts/type1/public/amsfonts/cm/cm
mi7.pfb><C:/Program Files (x86)/MiKTeX 2.9/fonts/type1/public/amsfonts/cm/cmmi9
.pfb><C:/Program Files (x86)/MiKTeX 2.9/fonts/type1/public/amsfonts/cm/cmr10.pf
b><C:/Program Files (x86)/MiKTeX 2.9/fonts/type1/public/amsfonts/cm/cmr5.pfb><C
:/Program Files (x86)/MiKTeX 2.9/fonts/type1/public/amsfonts/cm/cmr7.pfb><C:/Pr
ogram Files (x86)/MiKTeX 2.9/fonts/type1/public/amsfonts/cm/cmr9.pfb><C:/Progra
m Files (x86)/MiKTeX 2.9/fonts/type1/public/amsfonts/cm/cmsy10.pfb><C:/Program 
Files (x86)/MiKTeX 2.9/fonts/type1/public/amsfonts/cm/cmsy7.pfb><C:/Program Fil
es (x86)/MiKTeX 2.9/fonts/type1/public/amsfonts/cm/cmti10.pfb><C:/Program Files
 (x86)/MiKTeX 2.9/fonts/type1/public/amsfonts/cm/cmtt10.pfb><C:/Program Files (
x86)/MiKTeX 2.9/fonts/type1/public/amsfonts/symbols/msbm10.pfb>
Output written on Verslag.pdf (11 pages, 468457 bytes).
PDF statistics:
 150 PDF objects out of 1000 (max. 8388607)
 0 named destinations out of 1000 (max. 500000)
 81 words of extra memory for PDF output out of 10000 (max. 10000000)

